# JRE version: Java(TM) SE Runtime Environment (8.0_144-b01) (build 1.8.0_144-b01)
# Java VM: Java HotSpot(TM) 64-Bit Server VM (25.144-b01 mixed mode bsd-amd64 compressed oops)
Heap:
 PSYoungGen      total 208384K, used 24452K [0x0000000795580000, 0x00000007a8580000, 0x00000007c0000000)
  eden space 186880K, 1% used [0x0000000795580000,0x0000000795864fc8,0x00000007a0c00000)
  from space 21504K, 99% used [0x00000007a0c00000,0x00000007a20fc158,0x00000007a2100000)
  to   space 28160K, 0% used [0x00000007a6a00000,0x00000007a6a00000,0x00000007a8580000)
 ParOldGen       total 70144K, used 38165K [0x0000000740000000, 0x0000000744480000, 0x0000000795580000)
  object space 70144K, 54% used [0x0000000740000000,0x0000000742545760,0x0000000744480000)
 Metaspace       used 28663K, capacity 29232K, committed 29440K, reserved 1075200K
  class space    used 3361K, capacity 3512K, committed 3584K, reserved 1048576K
GC Heap History (10 events):
Event: 4,870 GC heap before
{Heap before GC invocations=6 (full 0):
 PSYoungGen      total 71680K, used 26338K [0x0000000795580000, 0x000000079ee80000, 0x00000007c0000000)
  eden space 66560K, 31% used [0x0000000795580000,0x0000000796a389d8,0x0000000799680000)
  from space 5120K, 100% used [0x0000000799680000,0x0000000799b80000,0x0000000799b80000)
  to   space 11776K, 0% used [0x000000079e300000,0x000000079e300000,0x000000079ee80000)
 ParOldGen       total 87552K, used 13685K [0x0000000740000000, 0x0000000745580000, 0x0000000795580000)
  object space 87552K, 15% used [0x0000000740000000,0x0000000740d5d490,0x0000000745580000)
 Metaspace       used 20642K, capacity 21140K, committed 21296K, reserved 1069056K
  class space    used 2468K, capacity 2654K, committed 2688K, reserved 1048576K
Event: 4,890 GC heap after
Heap after GC invocations=6 (full 0):
 PSYoungGen      total 142848K, used 7841K [0x0000000795580000, 0x000000079ec80000, 0x00000007c0000000)
  eden space 133120K, 0% used [0x0000000795580000,0x0000000795580000,0x000000079d780000)
  from space 9728K, 80% used [0x000000079e300000,0x000000079eaa8510,0x000000079ec80000)
  to   space 10752K, 0% used [0x000000079d780000,0x000000079d780000,0x000000079e200000)
 ParOldGen       total 87552K, used 13693K [0x0000000740000000, 0x0000000745580000, 0x0000000795580000)
  object space 87552K, 15% used [0x0000000740000000,0x0000000740d5f490,0x0000000745580000)
 Metaspace       used 20642K, capacity 21140K, committed 21296K, reserved 1069056K
  class space    used 2468K, capacity 2654K, committed 2688K, reserved 1048576K
}
Event: 4,890 GC heap before
{Heap before GC invocations=7 (full 1):
 PSYoungGen      total 142848K, used 7841K [0x0000000795580000, 0x000000079ec80000, 0x00000007c0000000)
  eden space 133120K, 0% used [0x0000000795580000,0x0000000795580000,0x000000079d780000)
  from space 9728K, 80% used [0x000000079e300000,0x000000079eaa8510,0x000000079ec80000)
  to   space 10752K, 0% used [0x000000079d780000,0x000000079d780000,0x000000079e200000)
 ParOldGen       total 87552K, used 13693K [0x0000000740000000, 0x0000000745580000, 0x0000000795580000)
  object space 87552K, 15% used [0x0000000740000000,0x0000000740d5f490,0x0000000745580000)
 Metaspace       used 20642K, capacity 21140K, committed 21296K, reserved 1069056K
  class space    used 2468K, capacity 2654K, committed 2688K, reserved 1048576K
Event: 4,989 GC heap after
Heap after GC invocations=7 (full 1):
 PSYoungGen      total 142848K, used 0K [0x0000000795580000, 0x000000079ec80000, 0x00000007c0000000)
  eden space 133120K, 0% used [0x0000000795580000,0x0000000795580000,0x000000079d780000)
  from space 9728K, 0% used [0x000000079e300000,0x000000079e300000,0x000000079ec80000)
  to   space 10752K, 0% used [0x000000079d780000,0x000000079d780000,0x000000079e200000)
 ParOldGen       total 70144K, used 13046K [0x0000000740000000, 0x0000000744480000, 0x0000000795580000)
  object space 70144K, 18% used [0x0000000740000000,0x0000000740cbdb90,0x0000000744480000)
 Metaspace       used 20642K, capacity 21140K, committed 21296K, reserved 1069056K
  class space    used 2468K, capacity 2654K, committed 2688K, reserved 1048576K
}
Event: 9,837 GC heap before
{Heap before GC invocations=8 (full 1):
 PSYoungGen      total 142848K, used 133120K [0x0000000795580000, 0x000000079ec80000, 0x00000007c0000000)
  eden space 133120K, 100% used [0x0000000795580000,0x000000079d780000,0x000000079d780000)
  from space 9728K, 0% used [0x000000079e300000,0x000000079e300000,0x000000079ec80000)
  to   space 10752K, 0% used [0x000000079d780000,0x000000079d780000,0x000000079e200000)
 ParOldGen       total 70144K, used 13046K [0x0000000740000000, 0x0000000744480000, 0x0000000795580000)
  object space 70144K, 18% used [0x0000000740000000,0x0000000740cbdb90,0x0000000744480000)
 Metaspace       used 28637K, capacity 29168K, committed 29440K, reserved 1075200K
  class space    used 3358K, capacity 3512K, committed 3584K, reserved 1048576K
Event: 9,882 GC heap after
Heap after GC invocations=8 (full 1):
 PSYoungGen      total 143872K, used 10731K [0x0000000795580000, 0x00000007a3080000, 0x00000007c0000000)
  eden space 133120K, 0% used [0x0000000795580000,0x0000000795580000,0x000000079d780000)
  from space 10752K, 99% used [0x000000079d780000,0x000000079e1faee8,0x000000079e200000)
  to   space 15872K, 0% used [0x00000007a2100000,0x00000007a2100000,0x00000007a3080000)
 ParOldGen       total 70144K, used 20787K [0x0000000740000000, 0x0000000744480000, 0x0000000795580000)
  object space 70144K, 29% used [0x0000000740000000,0x000000074144cee0,0x0000000744480000)
 Metaspace       used 28637K, capacity 29168K, committed 29440K, reserved 1075200K
  class space    used 3358K, capacity 3512K, committed 3584K, reserved 1048576K
}
Event: 10,999 GC heap before
{Heap before GC invocations=9 (full 1):
 PSYoungGen      total 143872K, used 143851K [0x0000000795580000, 0x00000007a3080000, 0x00000007c0000000)
  eden space 133120K, 100% used [0x0000000795580000,0x000000079d780000,0x000000079d780000)
  from space 10752K, 99% used [0x000000079d780000,0x000000079e1faee8,0x000000079e200000)
  to   space 15872K, 0% used [0x00000007a2100000,0x00000007a2100000,0x00000007a3080000)
 ParOldGen       total 70144K, used 20787K [0x0000000740000000, 0x0000000744480000, 0x0000000795580000)
  object space 70144K, 29% used [0x0000000740000000,0x000000074144cee0,0x0000000744480000)
 Metaspace       used 28650K, capacity 29232K, committed 29440K, reserved 1075200K
  class space    used 3358K, capacity 3512K, committed 3584K, reserved 1048576K
Event: 11,047 GC heap after
Heap after GC invocations=9 (full 1):
 PSYoungGen      total 202752K, used 15849K [0x0000000795580000, 0x00000007a4680000, 0x00000007c0000000)
  eden space 186880K, 0% used [0x0000000795580000,0x0000000795580000,0x00000007a0c00000)
  from space 15872K, 99% used [0x00000007a2100000,0x00000007a307a6f0,0x00000007a3080000)
  to   space 21504K, 0% used [0x00000007a0c00000,0x00000007a0c00000,0x00000007a2100000)
 ParOldGen       total 70144K, used 28778K [0x0000000740000000, 0x0000000744480000, 0x0000000795580000)
  object space 70144K, 41% used [0x0000000740000000,0x0000000741c1abd8,0x0000000744480000)
 Metaspace       used 28650K, capacity 29232K, committed 29440K, reserved 1075200K
  class space    used 3358K, capacity 3512K, committed 3584K, reserved 1048576K
}
Event: 12,137 GC heap before
{Heap before GC invocations=10 (full 1):
 PSYoungGen      total 202752K, used 202729K [0x0000000795580000, 0x00000007a4680000, 0x00000007c0000000)
  eden space 186880K, 100% used [0x0000000795580000,0x00000007a0c00000,0x00000007a0c00000)
  from space 15872K, 99% used [0x00000007a2100000,0x00000007a307a6f0,0x00000007a3080000)
  to   space 21504K, 0% used [0x00000007a0c00000,0x00000007a0c00000,0x00000007a2100000)
 ParOldGen       total 70144K, used 28778K [0x0000000740000000, 0x0000000744480000, 0x0000000795580000)
  object space 70144K, 41% used [0x0000000740000000,0x0000000741c1abd8,0x0000000744480000)
 Metaspace       used 28652K, capacity 29232K, committed 29440K, reserved 1075200K
  class space    used 3358K, capacity 3512K, committed 3584K, reserved 1048576K
Event: 12,201 GC heap after
Heap after GC invocations=10 (full 1):
 PSYoungGen      total 208384K, used 21488K [0x0000000795580000, 0x00000007a8580000, 0x00000007c0000000)
  eden space 186880K, 0% used [0x0000000795580000,0x0000000795580000,0x00000007a0c00000)
  from space 21504K, 99% used [0x00000007a0c00000,0x00000007a20fc158,0x00000007a2100000)
  to   space 28160K, 0% used [0x00000007a6a00000,0x00000007a6a00000,0x00000007a8580000)
 ParOldGen       total 70144K, used 38165K [0x0000000740000000, 0x0000000744480000, 0x0000000795580000)
  object space 70144K, 54% used [0x0000000740000000,0x0000000742545760,0x0000000744480000)
 Metaspace       used 28652K, capacity 29232K, committed 29440K, reserved 1075200K
  class space    used 3358K, capacity 3512K, committed 3584K, reserved 1048576K
}

